<?xml version="1.0" encoding="UTF-8"?>
<!-- Generated by org.testng.reporters.JUnitReportReporter -->
<testsuite hostname="DESKTOP-IIG9330" failures="0" tests="1" name="TestLayer.RegisterTest" time="6.484" errors="0" timestamp="2022-07-19T18:00:49 EDT" skipped="0">
  <testcase classname="TestLayer.RegisterTest" name="reg" time="6.484"/>
  <system-out/>
</testsuite> <!-- TestLayer.RegisterTest -->
