<?xml version="1.0" encoding="UTF-8"?>
<!-- Generated by org.testng.reporters.JUnitReportReporter -->
<testsuite hostname="DESKTOP-IIG9330" failures="0" tests="1" name="TestLayer.Log_In_test" time="9.220" errors="0" timestamp="2022-08-19T18:03:14 EDT" skipped="0">
  <testcase classname="TestLayer.Log_In_test" name="Login" time="9.220"/>
  <system-out/>
</testsuite> <!-- TestLayer.Log_In_test -->
