<?xml version="1.0" encoding="UTF-8"?>
<!-- Generated by org.testng.reporters.JUnitReportReporter -->
<testsuite hostname="DESKTOP-IIG9330" failures="0" tests="1" name="TestLayer.Cart_test" time="43.909" errors="0" timestamp="2022-08-24T22:18:26 EDT" skipped="0">
  <testcase classname="TestLayer.Cart_test" name="search" time="43.909"/>
  <system-out/>
</testsuite> <!-- TestLayer.Cart_test -->
