<?xml version="1.0" encoding="UTF-8"?>
<!-- Generated by org.testng.reporters.JUnitReportReporter -->
<testsuite hostname="DESKTOP-IIG9330" failures="0" tests="1" name="TestLayer.Orders_test" time="25.088" errors="0" timestamp="2022-08-19T17:13:14 EDT" skipped="0">
  <testcase classname="TestLayer.Orders_test" name="buyagain" time="25.088"/>
  <system-out/>
</testsuite> <!-- TestLayer.Orders_test -->
