<?xml version="1.0" encoding="UTF-8"?>
<!-- Generated by org.testng.reporters.JUnitReportReporter -->
<testsuite hostname="DESKTOP-IIG9330" failures="0" tests="1" name="TestLayer.search_test" time="29.668" errors="0" timestamp="2022-08-24T18:27:49 EDT" skipped="0">
  <testcase classname="TestLayer.search_test" name="search" time="29.668"/>
  <system-out/>
</testsuite> <!-- TestLayer.search_test -->
